define void @__init() {
entry:
ret void

}
define i32 @main() {
entry:
call void @__init()
%x.1 = alloca i32
store i32 10, ptr %x.1
%var1 = load i32, ptr %x.1
%var2 = icmp eq i32 %var1, 10
br i1 %var2, label %if.then.0, label %if.else.0

if.then.0:
%var3 = load i32, ptr %x.1
store i32 20, ptr %x.1
br label %if.back.0

if.else.0:
%var4 = load i32, ptr %x.1
store i32 30, ptr %x.1
br label %if.back.0

if.back.0:
%var5 = load i32, ptr %x.1
ret i32 %var5

}
declare void @print(ptr)
declare void @println(ptr)
declare void @printInt(i32)
declare void @printlnInt(i32)
declare ptr @getString()
declare i32 @getInt()
declare ptr @toString(i32)
declare ptr @string.copy(ptr)
declare i32 @string.length(ptr)
declare ptr @string.substring(ptr, i32, i32)
declare i32 @string.parseInt(ptr)
declare i32 @string.ord(ptr, i32)
declare ptr @string.add(ptr, ptr)
declare i1 @string.equal(ptr, ptr)
declare i1 @string.notEqual(ptr, ptr)
declare i1 @string.less(ptr, ptr)
declare i1 @string.lessOrEqual(ptr, ptr)
declare i1 @string.greater(ptr, ptr)
declare i1 @string.greaterOrEqual(ptr, ptr)
declare i32 @array.size(ptr)
declare ptr @_malloc(i32)
declare ptr @__alloca_helper(i32, i32)
declare ptr @__array.alloca_inside(i32, i32, ptr, i32)
declare ptr @__array.alloca(i32, i32, i32, ...)
declare ptr @Int_toString(i32)
declare ptr @Bool_toString(i1)

